1:D:\Work\CSc\Project\AndriodStudioProgramming\PhaseTwo\MultipleChoiceQuiz\app\src\main\java 
2:D:\Work\CSc\Project\AndriodStudioProgramming\PhaseTwo\MultipleChoiceQuiz\app\build\outputs\uml 
3: 
4: 
5: 
6: 
7: 
1:D:\Work\CSc\Project\AndriodStudioProgramming\PhaseTwo\MultipleChoiceQuiz\app\src\main\java 
2:D:\Work\CSc\Project\AndriodStudioProgramming\PhaseTwo\MultipleChoiceQuiz\app\build\outputs\uml 
3: 
4: 
5: 
6: 
7: 
1:D:\Work\CSc\Project\AndriodStudioProgramming\PhaseTwo\MultipleChoiceQuiz\app\src\main\java 
2:D:\Work\CSc\Project\AndriodStudioProgramming\PhaseTwo\MultipleChoiceQuiz\app\build\outputs\uml 
3: 
4: 
5: 
6: 
7: 
1:D:\Work\CSc\Project\AndriodStudioProgramming\PhaseTwo\MultipleChoiceQuiz\app\src\main\java 
2:D:\Work\CSc\Project\AndriodStudioProgramming\PhaseTwo\MultipleChoiceQuiz\app\build\outputs\uml 
3: 
4: 
5: 
6: 
7: 
1:D:\Work\CSc\Project\AndriodStudioProgramming\PhaseTwo\MultipleChoiceQuiz\app\src\main\java 
2:D:\Work\CSc\Project\AndriodStudioProgramming\PhaseTwo\MultipleChoiceQuiz\app\build\outputs\uml 
3: 
4: 
5: 
6: 
7: 
1:D:\Work\CSc\Project\AndriodStudioProgramming\PhaseTwo\MultipleChoiceQuiz\app\src\main\java 
2:D:\Work\CSc\Project\AndriodStudioProgramming\PhaseTwo\MultipleChoiceQuiz\app\build\outputs\uml 
3: 
4: 
5: 
6: 
7: 
1:D:\Work\CSc\Project\AndriodStudioProgramming\PhaseTwo\MultipleChoiceQuiz\app\src\main\java 
2:D:\Work\CSc\Project\AndriodStudioProgramming\PhaseTwo\MultipleChoiceQuiz\app\build\outputs\uml 
3: 
4: 
5: 
6: 
7: 
1:D:\Work\CSc\Project\AndriodStudioProgramming\PhaseTwo\MultipleChoiceQuiz\app\src\main\java 
2:D:\Work\CSc\Project\AndriodStudioProgramming\PhaseTwo\MultipleChoiceQuiz\app\build\outputs\uml 
3: 
4: 
5: 
6: 
7: 
1:D:\Work\CSc\Project\AndriodStudioProgramming\PhaseTwo\MultipleChoiceQuiz\app\src\main\java 
2:D:\Work\CSc\Project\AndriodStudioProgramming\PhaseTwo\MultipleChoiceQuiz\app\build\outputs\uml 
3: 
4: 
5: 
6: 
7: 
1:D:\Work\CSc\Project\AndriodStudioProgramming\PhaseTwo\MultipleChoiceQuiz\app\src\main\java 
2:D:\Work\CSc\Project\AndriodStudioProgramming\PhaseTwo\MultipleChoiceQuiz\app\build\outputs\uml 
3: 
4: 
5: 
6: 
7: 
1:D:\Work\CSc\Project\AndriodStudioProgramming\PhaseTwo\MultipleChoiceQuiz\app\src\main\java 
2:D:\Work\CSc\Project\AndriodStudioProgramming\PhaseTwo\MultipleChoiceQuiz\app\build\outputs\uml 
3: 
4: 
5: 
6: 
7: 
1:D:\Work\CSc\Project\FinalCodeForSubmission\MultipleChoiceQuiz\app\src\main\java 
2:D:\Work\CSc\Project\FinalCodeForSubmission\MultipleChoiceQuiz\app\build\outputs\uml 
3: 
4: 
5: 
6: 
7: 
1:D:\Work\CSc\Project\FinalCodeForSubmission\BackgroundColourChangingUsingButtons\app\src\main\java 
2:D:\Work\CSc\Project\FinalCodeForSubmission\BackgroundColourChangingUsingButtons\app\build\outputs\uml 
3: 
4: 
5: 
6: 
7: 
1:D:\Work\CSc\Project\FinalCodeForSubmission\BackgroundColourChangingUsingButtons\app\src\main\java 
2:D:\Work\CSc\Project\FinalCodeForSubmission\BackgroundColourChangingUsingButtons\app\build\outputs\uml 
3: 
4: 
5: 
6: 
7: 
1:D:\Work\CSc\Project\FinalCodeForSubmission\BackgroundColourChangingUsingButtons\app\src\main\java 
2:D:\Work\CSc\Project\FinalCodeForSubmission\BackgroundColourChangingUsingButtons\app\build\outputs\uml 
3: 
4: 
5: 
6: 
7: 
1:D:\Work\CSc\Project\FinalCodeForSubmission\PDFReader2\app\src\main\java 
2:D:\Work\CSc\Project\FinalCodeForSubmission\PDFReader2\app\build\outputs\uml 
3: 
4: 
5: 
6: 
7: 
1:D:\Work\CSc\Project\FinalCodeForSubmission\TextEditorV3\app\src\main\java 
2:D:\Work\CSc\Project\FinalCodeForSubmission\TextEditorV3\app\build\outputs\uml 
3: 
4: 
5: 
6: 
7: 
1:D:\Work\CSc\Project\FinalCodeForSubmission\TextEditorV3\app\src\main\java 
2:D:\Work\CSc\Project\FinalCodeForSubmission\TextEditorV3\app\build\outputs\uml 
3: 
4: 
5: 
6: 
7: 
1:D:\Work\CSc\Project\FinalCodeForSubmission\TextEditorV3\app\src\main\java 
2:D:\Work\CSc\Project\FinalCodeForSubmission\TextEditorV3\app\build\outputs\uml 
3: 
4: 
5: 
6: 
7: 
1:D:\Work\CSc\Project\FinalCodeForSubmission\TTSV1\app\src\main\java 
2:D:\Work\CSc\Project\FinalCodeForSubmission\TTSV1\app\build\outputs\uml 
3: 
4: 
5: 
6: 
7: 
